1	10328	Press 1	0, 0, 0, 0, 0, 0, 0, 0, 0, 0, 0, 0, 0, 0, 0, 0
2	10377	EVENT_ACTION_UPDATE_COOLDOWNS	990, 990, 990, 990, 990, 990, 990, 990, 990, 990, 990, 990, 990, 990, 990, 990
3	10377	EVENT_ACTION_SLOT_ABILITY_USED	131185	3
4	103	EVENT_EFFECT_CHANGED	131151	1	48	Major Breach	reticleover	1519.29296875	1539.29296875	0	/esoui/art/icons/ability_debuff_major_breach.dds		2	0	0	Target Frost Atronach	34400	61743	1
5	997	EVENT_ACTION_UPDATE_COOLDOWNS	0, 0, 0, 0, 0, 0, 0, 0, 0, 0, 0, 0, 0, 0, 0, 0

6	1958	Press 1	0, 0, 0, 0, 0, 0, 0, 0, 0, 0, 0, 0, 0, 0, 0, 0
7	2017	EVENT_ACTION_UPDATE_COOLDOWNS	990, 990, 990, 990, 990, 990, 990, 990, 990, 990, 990, 990, 990, 990, 990, 990
8	2017	EVENT_ACTION_SLOT_ABILITY_USED	131185	3
9	130	EVENT_EFFECT_CHANGED	131151	2	48	Major Breach	reticleover	0	0	0	/esoui/art/icons/ability_debuff_major_breach.dds		2	0	0	Target Frost Atronach	34400	61743	1
10	130	EVENT_EFFECT_CHANGED	131151	1	48	Major Breach	reticleover	1521.3399658203	1541.3399658203	0	/esoui/art/icons/ability_debuff_major_breach.dds		2	0	0	Target Frost Atronach	34400	61743	1
11	989	EVENT_ACTION_UPDATE_COOLDOWNS	0, 0, 0, 0, 0, 0, 0, 0, 0, 0, 0, 0, 0, 0, 0, 0

12	1941	Press 1	0, 0, 0, 0, 0, 0, 0, 0, 0, 0, 0, 0, 0, 0, 0, 0
13	2000	EVENT_ACTION_UPDATE_COOLDOWNS	990, 990, 990, 990, 990, 990, 990, 990, 990, 990, 990, 990, 990, 990, 990, 990
14	2000	EVENT_ACTION_SLOT_ABILITY_USED	131185	3
15	120	EVENT_EFFECT_CHANGED	131151	2	48	Major Breach	reticleover	0	0	0	/esoui/art/icons/ability_debuff_major_breach.dds		2	0	0	Target Frost Atronach	34400	61743	1
16	121	EVENT_EFFECT_CHANGED	131151	1	48	Major Breach	reticleover	1523.3310546875	1543.3310546875	0	/esoui/art/icons/ability_debuff_major_breach.dds		2	0	0	Target Frost Atronach	34400	61743	1
17	990	EVENT_ACTION_UPDATE_COOLDOWNS	0, 0, 0, 0, 0, 0, 0, 0, 0, 0, 0, 0, 0, 0, 0, 0

18	1943	Press 1	0, 0, 0, 0, 0, 0, 0, 0, 0, 0, 0, 0, 0, 0, 0, 0
19	2003	EVENT_ACTION_UPDATE_COOLDOWNS	990, 990, 990, 990, 990, 990, 990, 990, 990, 990, 990, 990, 990, 990, 990, 990
20	2003	EVENT_ACTION_SLOT_ABILITY_USED	131185	3
21	63	Press backquote	930, 930, 930, 930, 930, 930, 930, 930, 930, 930, 930, 930, 930, 930, 930, 930
22	103	EVENT_WEAPON_PAIR_LOCK_CHANGED	131251	true
23	133	EVENT_EFFECT_CHANGED	131151	2	48	Major Breach	reticleover	0	0	0	/esoui/art/icons/ability_debuff_major_breach.dds		2	0	0	Target Frost Atronach	34400	61743	1
24	134	EVENT_EFFECT_CHANGED	131151	1	48	Major Breach	reticleover	1525.3459472656	1545.3459472656	0	/esoui/art/icons/ability_debuff_major_breach.dds		2	0	0	Target Frost Atronach	34400	61743	1
25	205	EVENT_ACTION_UPDATE_COOLDOWNS	250, 250, 797, 797, 797, 797, 797, 797, 797, 797, 797, 797, 797, 797, 797, 797
26	213	EVENT_EFFECT_CHANGED	131151	1	15	Major Prophecy	player	494.13900756836	494.13900756836	0	/esoui/art/icons/ability_buff_major_prophecy.dds		1	0	0	Phrost Pendragon^Mx	34400	61689	1
27	219	EVENT_EFFECT_CHANGED	131151	1	11	Major Savagery	player	1525.4060058594	1525.4060058594	0	/esoui/art/icons/ability_buff_major_savagery.dds		1	0	0	Phrost Pendragon^Mx	34400	61667	1
28	446	EVENT_ACTION_UPDATE_COOLDOWNS	545, 545, 545, 545, 545, 545, 545, 545, 545, 545, 545, 545, 545, 545, 545, 545
29	609	EVENT_WEAPON_PAIR_LOCK_CHANGED	131251	false
30	701	EVENT_ACTION_UPDATE_COOLDOWNS	291, 291, 291, 291, 291, 291, 291, 291, 291, 291, 291, 291, 291, 291, 291, 291
31	994	EVENT_ACTION_UPDATE_COOLDOWNS	0, 0, 0, 0, 0, 0, 0, 0, 0, 0, 0, 0, 0, 0, 0, 0

32	1932	Press 1	0, 0, 0, 0, 0, 0, 0, 0, 0, 0, 0, 0, 0, 0, 0, 0
33	2003	EVENT_ACTION_UPDATE_COOLDOWNS	990, 990, 990, 990, 990, 990, 990, 990, 990, 990, 990, 990, 990, 990, 990, 990
34	2003	EVENT_ACTION_SLOT_ABILITY_USED	131185	3
35	112	Press backquote	880, 880, 880, 880, 880, 880, 880, 880, 880, 880, 880, 880, 880, 880, 880, 880
36	145	EVENT_EFFECT_CHANGED	131151	3	48	Major Breach	reticleover	1527.3590087891	1547.3590087891	0	/esoui/art/icons/ability_debuff_major_breach.dds		2	0	0	Target Frost Atronach	34400	61743	1
37	145	EVENT_EFFECT_CHANGED	131151	1	54874	Seething Fury	player	1527.3590087891	1532.3590087891	1	/esoui/art/icons/ability_dragonknight_025.dds		1	5	0	Phrost Pendragon^Mx	34400	122658	1
38	146	EVENT_ACTION_UPDATE_COOLDOWNS	847, 847, 847, 847, 847, 847, 847, 847, 847, 847, 847, 847, 847, 847, 847, 847
39	155	EVENT_EFFECT_CHANGED	131151	1	101	Engulfing Flames	reticleover	1527.3590087891	1541.3590087891	0	/esoui/art/icons/ability_dragonknight_004_b.dds		2	1	0	Target Frost Atronach	34400	31104	1
40	161	EVENT_WEAPON_PAIR_LOCK_CHANGED	131251	true
41	309	EVENT_EFFECT_CHANGED	131151	2	11	Major Savagery	player	0	0	0	/esoui/art/icons/ability_buff_major_savagery.dds		1	0	0	Phrost Pendragon^Mx	34400	61667	1
42	315	EVENT_ACTION_UPDATE_COOLDOWNS	250, 250, 689, 689, 689, 689, 689, 689, 689, 689, 689, 689, 689, 689, 689, 689
43	558	EVENT_ACTION_UPDATE_COOLDOWNS	433, 433, 433, 433, 433, 433, 433, 433, 433, 433, 433, 433, 433, 433, 433, 433
44	652	EVENT_ACTION_UPDATE_COOLDOWNS	341, 341, 341, 341, 341, 341, 341, 341, 341, 341, 341, 341, 341, 341, 341, 341
45	712	EVENT_WEAPON_PAIR_LOCK_CHANGED	131251	false
46	809	EVENT_ACTION_UPDATE_COOLDOWNS	182, 182, 182, 182, 182, 182, 182, 182, 182, 182, 182, 182, 182, 182, 182, 182
47	991	EVENT_ACTION_UPDATE_COOLDOWNS	0, 0, 0, 0, 0, 0, 0, 0, 0, 0, 0, 0, 0, 0, 0, 0

48	1930	Press 1	0, 0, 0, 0, 0, 0, 0, 0, 0, 0, 0, 0, 0, 0, 0, 0
49	2002	EVENT_ACTION_UPDATE_COOLDOWNS	989, 989, 989, 989, 989, 989, 989, 989, 989, 989, 989, 989, 989, 989, 989, 989
50	2002	EVENT_ACTION_SLOT_ABILITY_USED	131185	3
51	122	EVENT_EFFECT_CHANGED	131151	2	48	Major Breach	reticleover	0	0	0	/esoui/art/icons/ability_debuff_major_breach.dds		2	0	0	Target Frost Atronach	34400	61743	1
52	123	EVENT_EFFECT_CHANGED	131151	1	48	Major Breach	reticleover	1529.3389892578	1549.3389892578	0	/esoui/art/icons/ability_debuff_major_breach.dds		2	0	0	Target Frost Atronach	34400	61743	1
53	164	Press backquote	826, 826, 826, 826, 826, 826, 826, 826, 826, 826, 826, 826, 826, 826, 826, 826
54	164	EVENT_EFFECT_CHANGED	131151	3	48	Major Breach	reticleover	1529.3809814453	1549.3809814453	0	/esoui/art/icons/ability_debuff_major_breach.dds		2	0	0	Target Frost Atronach	34400	61743	1
55	192	EVENT_WEAPON_PAIR_LOCK_CHANGED	131251	true
56	311	EVENT_ACTION_UPDATE_COOLDOWNS	250, 250, 689, 689, 689, 689, 689, 689, 689, 689, 689, 689, 689, 689, 689, 689
57	313	EVENT_EFFECT_CHANGED	131151	1	15	Major Prophecy	player	494.13900756836	494.13900756836	0	/esoui/art/icons/ability_buff_major_prophecy.dds		1	0	0	Phrost Pendragon^Mx	34400	61689	1
58	322	EVENT_EFFECT_CHANGED	131151	1	11	Major Savagery	player	1529.5179443359	1529.5179443359	0	/esoui/art/icons/ability_buff_major_savagery.dds		1	0	0	Phrost Pendragon^Mx	34400	61667	1
59	559	EVENT_ACTION_UPDATE_COOLDOWNS	431, 431, 431, 431, 431, 431, 431, 431, 431, 431, 431, 431, 431, 431, 431, 431
60	713	EVENT_WEAPON_PAIR_LOCK_CHANGED	131251	false
61	800	EVENT_ACTION_UPDATE_COOLDOWNS	189, 189, 189, 189, 189, 189, 189, 189, 189, 189, 189, 189, 189, 189, 189, 189
62	993	EVENT_ACTION_UPDATE_COOLDOWNS	0, 0, 0, 0, 0, 0, 0, 0, 0, 0, 0, 0, 0, 0, 0, 0

63	1927	Press 1	0, 0, 0, 0, 0, 0, 0, 0, 0, 0, 0, 0, 0, 0, 0, 0
64	1993	EVENT_ACTION_UPDATE_COOLDOWNS	990, 990, 990, 990, 990, 990, 990, 990, 990, 990, 990, 990, 990, 990, 990, 990
65	1993	EVENT_ACTION_SLOT_ABILITY_USED	131185	3
66	164	EVENT_EFFECT_CHANGED	131151	3	48	Major Breach	reticleover	1531.3740234375	1551.3740234375	0	/esoui/art/icons/ability_debuff_major_breach.dds		2	0	0	Target Frost Atronach	34400	61743	1
67	165	EVENT_ACTION_UPDATE_COOLDOWNS	826, 826, 826, 826, 826, 826, 826, 826, 826, 826, 826, 826, 826, 826, 826, 826
68	165	EVENT_EFFECT_CHANGED	131151	3	54874	Seething Fury	player	1531.3740234375	1536.3740234375	2	/esoui/art/icons/ability_dragonknight_025.dds		1	5	0	Phrost Pendragon^Mx	34400	122658	1
69	167	EVENT_EFFECT_CHANGED	131151	2	101	Engulfing Flames	reticleover	0	0	0	/esoui/art/icons/ability_dragonknight_004_b.dds		2	1	0	Target Frost Atronach	34400	31104	1
70	168	EVENT_EFFECT_CHANGED	131151	1	105	Engulfing Flames	reticleover	1531.3740234375	1545.3740234375	0	/esoui/art/icons/ability_dragonknight_004_b.dds		2	1	0	Target Frost Atronach	34400	31104	1
71	214	Press backquote	777, 777, 777, 777, 777, 777, 777, 777, 777, 777, 777, 777, 777, 777, 777, 777
72	254	EVENT_WEAPON_PAIR_LOCK_CHANGED	131251	true
73	368	EVENT_EFFECT_CHANGED	131151	2	11	Major Savagery	player	0	0	0	/esoui/art/icons/ability_buff_major_savagery.dds		1	0	0	Phrost Pendragon^Mx	34400	61667	1
74	373	EVENT_ACTION_UPDATE_COOLDOWNS	250, 250, 627, 627, 627, 627, 627, 627, 627, 627, 627, 627, 627, 627, 627, 627
75	619	EVENT_ACTION_UPDATE_COOLDOWNS	371, 371, 371, 371, 371, 371, 371, 371, 371, 371, 371, 371, 371, 371, 371, 371
76	665	EVENT_ACTION_UPDATE_COOLDOWNS	325, 325, 325, 325, 325, 325, 325, 325, 325, 325, 325, 325, 325, 325, 325, 325
77	775	EVENT_WEAPON_PAIR_LOCK_CHANGED	131251	false
78	873	EVENT_ACTION_UPDATE_COOLDOWNS	116, 116, 116, 116, 116, 116, 116, 116, 116, 116, 116, 116, 116, 116, 116, 116
79	991	EVENT_ACTION_UPDATE_COOLDOWNS	0, 0, 0, 0, 0, 0, 0, 0, 0, 0, 0, 0, 0, 0, 0, 0
80	1152	EVENT_ACTION_UPDATE_COOLDOWNS	0, 0, 0, 0, 0, 0, 0, 0, 0, 0, 0, 0, 0, 0, 0, 0

81	1940	Press 1	0, 0, 0, 0, 0, 0, 0, 0, 0, 0, 0, 0, 0, 0, 0, 0
82	2006	EVENT_ACTION_UPDATE_COOLDOWNS	989, 989, 989, 989, 989, 989, 989, 989, 989, 989, 989, 989, 989, 989, 989, 989
83	2006	EVENT_ACTION_SLOT_ABILITY_USED	131185	3
84	111	EVENT_EFFECT_CHANGED	131151	2	48	Major Breach	reticleover	0	0	0	/esoui/art/icons/ability_debuff_major_breach.dds		2	0	0	Target Frost Atronach	34400	61743	1
85	112	EVENT_EFFECT_CHANGED	131151	1	48	Major Breach	reticleover	1533.3270263672	1553.3270263672	0	/esoui/art/icons/ability_debuff_major_breach.dds		2	0	0	Target Frost Atronach	34400	61743	1
86	148	EVENT_ACTION_UPDATE_COOLDOWNS	841, 841, 841, 841, 841, 841, 841, 841, 841, 841, 841, 841, 841, 841, 841, 841
87	232	EVENT_EFFECT_CHANGED	131151	3	48	Major Breach	reticleover	1533.4479980469	1553.4479980469	0	/esoui/art/icons/ability_debuff_major_breach.dds		2	0	0	Target Frost Atronach	34400	61743	1
88	266	Press backquote	723, 723, 723, 723, 723, 723, 723, 723, 723, 723, 723, 723, 723, 723, 723, 723
89	302	EVENT_WEAPON_PAIR_LOCK_CHANGED	131251	true
90	416	EVENT_ACTION_UPDATE_COOLDOWNS	250, 250, 580, 580, 580, 580, 580, 580, 580, 580, 580, 580, 580, 580, 580, 580
91	418	EVENT_EFFECT_CHANGED	131151	1	15	Major Prophecy	player	494.13900756836	494.13900756836	0	/esoui/art/icons/ability_buff_major_prophecy.dds		1	0	0	Phrost Pendragon^Mx	34400	61689	1
92	420	EVENT_EFFECT_CHANGED	131151	1	11	Major Savagery	player	1533.625	1533.625	0	/esoui/art/icons/ability_buff_major_savagery.dds		1	0	0	Phrost Pendragon^Mx	34400	61667	1
93	668	EVENT_ACTION_UPDATE_COOLDOWNS	323, 323, 323, 323, 323, 323, 323, 323, 323, 323, 323, 323, 323, 323, 323, 323
94	866	EVENT_WEAPON_PAIR_LOCK_CHANGED	131251	false
95	909	EVENT_ACTION_UPDATE_COOLDOWNS	80, 80, 80, 80, 80, 80, 80, 80, 80, 80, 80, 80, 80, 80, 80, 80
96	992	EVENT_ACTION_UPDATE_COOLDOWNS	0, 0, 0, 0, 0, 0, 0, 0, 0, 0, 0, 0, 0, 0, 0, 0

97	1933	Press 1	0, 0, 0, 0, 0, 0, 0, 0, 0, 0, 0, 0, 0, 0, 0, 0
98	2002	EVENT_ACTION_UPDATE_COOLDOWNS	988, 988, 988, 988, 988, 988, 988, 988, 988, 988, 988, 988, 988, 988, 988, 988
99	2002	EVENT_ACTION_SLOT_ABILITY_USED	131185	3
100	145	EVENT_EFFECT_CHANGED	131151	3	48	Major Breach	reticleover	1535.3620605469	1555.3620605469	0	/esoui/art/icons/ability_debuff_major_breach.dds		2	0	0	Target Frost Atronach	34400	61743	1
101	145	EVENT_EFFECT_CHANGED	131151	3	54874	Seething Fury	player	1535.3620605469	1540.3620605469	3	/esoui/art/icons/ability_dragonknight_025.dds		1	5	0	Phrost Pendragon^Mx	34400	122658	1
102	146	EVENT_ACTION_UPDATE_COOLDOWNS	844, 844, 844, 844, 844, 844, 844, 844, 844, 844, 844, 844, 844, 844, 844, 844
103	148	EVENT_EFFECT_CHANGED	131151	2	105	Engulfing Flames	reticleover	0	0	0	/esoui/art/icons/ability_dragonknight_004_b.dds		2	1	0	Target Frost Atronach	34400	31104	1
104	148	EVENT_EFFECT_CHANGED	131151	1	109	Engulfing Flames	reticleover	1535.3620605469	1549.3620605469	0	/esoui/art/icons/ability_dragonknight_004_b.dds		2	1	0	Target Frost Atronach	34400	31104	1
105	313	Press backquote	675, 675, 675, 675, 675, 675, 675, 675, 675, 675, 675, 675, 675, 675, 675, 675
106	348	EVENT_WEAPON_PAIR_LOCK_CHANGED	131251	true
107	460	EVENT_EFFECT_CHANGED	131151	2	11	Major Savagery	player	0	0	0	/esoui/art/icons/ability_buff_major_savagery.dds		1	0	0	Phrost Pendragon^Mx	34400	61667	1
108	463	EVENT_ACTION_UPDATE_COOLDOWNS	250, 250, 533, 533, 533, 533, 533, 533, 533, 533, 533, 533, 533, 533, 533, 533
109	648	EVENT_ACTION_UPDATE_COOLDOWNS	58, 58, 341, 341, 341, 341, 341, 341, 341, 341, 341, 341, 341, 341, 341, 341
110	714	EVENT_ACTION_UPDATE_COOLDOWNS	274, 274, 274, 274, 274, 274, 274, 274, 274, 274, 274, 274, 274, 274, 274, 274
111	913	EVENT_WEAPON_PAIR_LOCK_CHANGED	131251	false
112	966	EVENT_ACTION_UPDATE_COOLDOWNS	24, 24, 24, 24, 24, 24, 24, 24, 24, 24, 24, 24, 24, 24, 24, 24
113	997	EVENT_ACTION_UPDATE_COOLDOWNS	0, 0, 0, 0, 0, 0, 0, 0, 0, 0, 0, 0, 0, 0, 0, 0

114	1928	Press 1	0, 0, 0, 0, 0, 0, 0, 0, 0, 0, 0, 0, 0, 0, 0, 0
115	1992	EVENT_ACTION_UPDATE_COOLDOWNS	987, 987, 987, 987, 987, 987, 987, 987, 987, 987, 987, 987, 987, 987, 987, 987
116	1992	EVENT_ACTION_SLOT_ABILITY_USED	131185	3
117	124	EVENT_EFFECT_CHANGED	131151	2	48	Major Breach	reticleover	0	0	0	/esoui/art/icons/ability_debuff_major_breach.dds		2	0	0	Target Frost Atronach	34400	61743	1
118	125	EVENT_EFFECT_CHANGED	131151	1	48	Major Breach	reticleover	1537.333984375	1557.333984375	0	/esoui/art/icons/ability_debuff_major_breach.dds		2	0	0	Target Frost Atronach	34400	61743	1
119	166	EVENT_EFFECT_CHANGED	131151	3	48	Major Breach	reticleover	1537.3759765625	1557.3759765625	0	/esoui/art/icons/ability_debuff_major_breach.dds		2	0	0	Target Frost Atronach	34400	61743	1
120	365	Press backquote	622, 622, 622, 622, 622, 622, 622, 622, 622, 622, 622, 622, 622, 622, 622, 622
121	398	EVENT_WEAPON_PAIR_LOCK_CHANGED	131251	true
122	486	EVENT_ACTION_UPDATE_COOLDOWNS	250, 250, 506, 506, 506, 506, 506, 506, 506, 506, 506, 506, 506, 506, 506, 506
123	488	EVENT_EFFECT_CHANGED	131151	1	15	Major Prophecy	player	494.13900756836	494.13900756836	0	/esoui/art/icons/ability_buff_major_prophecy.dds		1	0	0	Phrost Pendragon^Mx	34400	61689	1
124	488	EVENT_EFFECT_CHANGED	131151	1	11	Major Savagery	player	1537.6910400391	1537.6910400391	0	/esoui/art/icons/ability_buff_major_savagery.dds		1	0	0	Phrost Pendragon^Mx	34400	61667	1
125	731	EVENT_ACTION_UPDATE_COOLDOWNS	255, 255, 255, 255, 255, 255, 255, 255, 255, 255, 255, 255, 255, 255, 255, 255
126	935	EVENT_WEAPON_PAIR_LOCK_CHANGED	131251	false
127	987	EVENT_ACTION_UPDATE_COOLDOWNS	0, 0, 0, 0, 0, 0, 0, 0, 0, 0, 0, 0, 0, 0, 0, 0

128	1933	Press 1	0, 0, 0, 0, 0, 0, 0, 0, 0, 0, 0, 0, 0, 0, 0, 0
129	2002	EVENT_ACTION_UPDATE_COOLDOWNS	988, 988, 988, 988, 988, 988, 988, 988, 988, 988, 988, 988, 988, 988, 988, 988
130	2002	EVENT_ACTION_SLOT_ABILITY_USED	131185	3
131	143	EVENT_EFFECT_CHANGED	131151	3	48	Major Breach	reticleover	1539.3559570313	1559.3559570313	0	/esoui/art/icons/ability_debuff_major_breach.dds		2	0	0	Target Frost Atronach	34400	61743	1
132	144	EVENT_ACTION_UPDATE_COOLDOWNS	845, 845, 845, 845, 845, 845, 845, 845, 845, 845, 845, 845, 845, 845, 845, 845
133	145	EVENT_EFFECT_CHANGED	131151	3	54874	Seething Fury	player	1539.3559570313	1544.3559570313	3	/esoui/art/icons/ability_dragonknight_025.dds		1	5	0	Phrost Pendragon^Mx	34400	122658	1
134	147	EVENT_EFFECT_CHANGED	131151	2	109	Engulfing Flames	reticleover	0	0	0	/esoui/art/icons/ability_dragonknight_004_b.dds		2	1	0	Target Frost Atronach	34400	31104	1
135	147	EVENT_EFFECT_CHANGED	131151	1	113	Engulfing Flames	reticleover	1539.3559570313	1553.3559570313	0	/esoui/art/icons/ability_dragonknight_004_b.dds		2	1	0	Target Frost Atronach	34400	31104	1
136	418	Press backquote	570, 570, 570, 570, 570, 570, 570, 570, 570, 570, 570, 570, 570, 570, 570, 570
137	452	EVENT_WEAPON_PAIR_LOCK_CHANGED	131251	true
138	550	EVENT_EFFECT_CHANGED	131151	2	11	Major Savagery	player	0	0	0	/esoui/art/icons/ability_buff_major_savagery.dds		1	0	0	Phrost Pendragon^Mx	34400	61667	1
139	553	EVENT_ACTION_UPDATE_COOLDOWNS	250, 250, 445, 445, 445, 445, 445, 445, 445, 445, 445, 445, 445, 445, 445, 445
140	648	EVENT_ACTION_UPDATE_COOLDOWNS	147, 147, 342, 342, 342, 342, 342, 342, 342, 342, 342, 342, 342, 342, 342, 342
141	792	EVENT_ACTION_UPDATE_COOLDOWNS	195, 195, 195, 195, 195, 195, 195, 195, 195, 195, 195, 195, 195, 195, 195, 195
142	995	EVENT_WEAPON_PAIR_LOCK_CHANGED	131251	false
143	996	EVENT_ACTION_UPDATE_COOLDOWNS	0, 0, 0, 0, 0, 0, 0, 0, 0, 0, 0, 0, 0, 0, 0, 0
144	1045	EVENT_ACTION_UPDATE_COOLDOWNS	0, 0, 0, 0, 0, 0, 0, 0, 0, 0, 0, 0, 0, 0, 0, 0
145	1159	EVENT_ACTION_UPDATE_COOLDOWNS	0, 0, 0, 0, 0, 0, 0, 0, 0, 0, 0, 0, 0, 0, 0, 0
146	1935	Press 1	0, 0, 0, 0, 0, 0, 0, 0, 0, 0, 0, 0, 0, 0, 0, 0
147	1996	EVENT_ACTION_UPDATE_COOLDOWNS	986, 986, 986, 986, 986, 986, 986, 986, 986, 986, 986, 986, 986, 986, 986, 986
148	1996	EVENT_ACTION_SLOT_ABILITY_USED	131185	3
149	140	EVENT_EFFECT_CHANGED	131151	2	48	Major Breach	reticleover	0	0	0	/esoui/art/icons/ability_debuff_major_breach.dds		2	0	0	Target Frost Atronach	34400	61743	1
150	141	EVENT_EFFECT_CHANGED	131151	1	48	Major Breach	reticleover	1541.3489990234	1561.3489990234	0	/esoui/art/icons/ability_debuff_major_breach.dds		2	0	0	Target Frost Atronach	34400	61743	1
151	155	EVENT_ACTION_UPDATE_COOLDOWNS	831, 831, 831, 831, 831, 831, 831, 831, 831, 831, 831, 831, 831, 831, 831, 831
152	200	EVENT_EFFECT_CHANGED	131151	3	48	Major Breach	reticleover	1541.4079589844	1561.4079589844	0	/esoui/art/icons/ability_debuff_major_breach.dds		2	0	0	Target Frost Atronach	34400	61743	1
153	466	Press backquote	520, 520, 520, 520, 520, 520, 520, 520, 520, 520, 520, 520, 520, 520, 520, 520
154	508	EVENT_WEAPON_PAIR_LOCK_CHANGED	131251	true
155	662	EVENT_ACTION_UPDATE_COOLDOWNS	250, 250, 329, 329, 329, 329, 329, 329, 329, 329, 329, 329, 329, 329, 329, 329
156	664	EVENT_EFFECT_CHANGED	131151	1	15	Major Prophecy	player	494.13900756836	494.13900756836	0	/esoui/art/icons/ability_buff_major_prophecy.dds		1	0	0	Phrost Pendragon^Mx	34400	61689	1
157	665	EVENT_EFFECT_CHANGED	131151	1	11	Major Savagery	player	1541.8659667969	1541.8659667969	0	/esoui/art/icons/ability_buff_major_savagery.dds		1	0	0	Phrost Pendragon^Mx	34400	61667	1
158	910	EVENT_ACTION_UPDATE_COOLDOWNS	76, 76, 76, 76, 76, 76, 76, 76, 76, 76, 76, 76, 76, 76, 76, 76
159	994	EVENT_ACTION_UPDATE_COOLDOWNS	0, 0, 0, 0, 0, 0, 0, 0, 0, 0, 0, 0, 0, 0, 0, 0
160	1109	EVENT_WEAPON_PAIR_LOCK_CHANGED	131251	false
161	1163	EVENT_ACTION_UPDATE_COOLDOWNS	0, 0, 0, 0, 0, 0, 0, 0, 0, 0, 0, 0, 0, 0, 0, 0
162	1939	Press 1	0, 0, 0, 0, 0, 0, 0, 0, 0, 0, 0, 0, 0, 0, 0, 0
163	2001	EVENT_ACTION_UPDATE_COOLDOWNS	987, 987, 987, 987, 987, 987, 987, 987, 987, 987, 987, 987, 987, 987, 987, 987
164	2001	EVENT_ACTION_SLOT_ABILITY_USED	131185	3
165	113	EVENT_EFFECT_CHANGED	131151	3	48	Major Breach	reticleover	1543.3229980469	1563.3229980469	0	/esoui/art/icons/ability_debuff_major_breach.dds		2	0	0	Target Frost Atronach	34400	61743	1
166	114	EVENT_EFFECT_CHANGED	131151	3	54874	Seething Fury	player	1543.3229980469	1548.3229980469	3	/esoui/art/icons/ability_dragonknight_025.dds		1	5	0	Phrost Pendragon^Mx	34400	122658	1
167	115	EVENT_ACTION_UPDATE_COOLDOWNS	874, 874, 874, 874, 874, 874, 874, 874, 874, 874, 874, 874, 874, 874, 874, 874
168	117	EVENT_EFFECT_CHANGED	131151	2	113	Engulfing Flames	reticleover	0	0	0	/esoui/art/icons/ability_dragonknight_004_b.dds		2	1	0	Target Frost Atronach	34400	31104	1
169	117	EVENT_EFFECT_CHANGED	131151	1	117	Engulfing Flames	reticleover	1543.3229980469	1557.3229980469	0	/esoui/art/icons/ability_dragonknight_004_b.dds		2	1	0	Target Frost Atronach	34400	31104	1
170	524	Press backquote	463, 463, 463, 463, 463, 463, 463, 463, 463, 463, 463, 463, 463, 463, 463, 463
171	552	EVENT_WEAPON_PAIR_LOCK_CHANGED	131251	true
172	613	EVENT_ACTION_UPDATE_COOLDOWNS	374, 374, 374, 374, 374, 374, 374, 374, 374, 374, 374, 374, 374, 374, 374, 374
173	657	EVENT_EFFECT_CHANGED	131151	2	11	Major Savagery	player	0	0	0	/esoui/art/icons/ability_buff_major_savagery.dds		1	0	0	Phrost Pendragon^Mx	34400	61667	1
174	662	EVENT_ACTION_UPDATE_COOLDOWNS	250, 250, 337, 337, 337, 337, 337, 337, 337, 337, 337, 337, 337, 337, 337, 337
175	911	EVENT_ACTION_UPDATE_COOLDOWNS	76, 76, 76, 76, 76, 76, 76, 76, 76, 76, 76, 76, 76, 76, 76, 76
176	986	EVENT_ACTION_UPDATE_COOLDOWNS	0, 0, 0, 0, 0, 0, 0, 0, 0, 0, 0, 0, 0, 0, 0, 0
177	1102	EVENT_WEAPON_PAIR_LOCK_CHANGED	131251	false
178	1150	EVENT_ACTION_UPDATE_COOLDOWNS	0, 0, 0, 0, 0, 0, 0, 0, 0, 0, 0, 0, 0, 0, 0, 0
179	1939	Press 1	0, 0, 0, 0, 0, 0, 0, 0, 0, 0, 0, 0, 0, 0, 0, 0
180	2026	EVENT_ACTION_UPDATE_COOLDOWNS	987, 987, 987, 987, 987, 987, 987, 987, 987, 987, 987, 987, 987, 987, 987, 987
181	2027	EVENT_ACTION_SLOT_ABILITY_USED	131185	3
182	150	EVENT_EFFECT_CHANGED	131151	2	48	Major Breach	reticleover	0	0	0	/esoui/art/icons/ability_debuff_major_breach.dds		2	0	0	Target Frost Atronach	34400	61743	1
183	150	EVENT_EFFECT_CHANGED	131151	1	48	Major Breach	reticleover	1545.3869628906	1565.3869628906	0	/esoui/art/icons/ability_debuff_major_breach.dds		2	0	0	Target Frost Atronach	34400	61743	1
184	151	EVENT_EFFECT_CHANGED	131151	3	48	Major Breach	reticleover	1545.3869628906	1565.3869628906	0	/esoui/art/icons/ability_debuff_major_breach.dds		2	0	0	Target Frost Atronach	34400	61743	1
185	562	Press backquote	422, 422, 422, 422, 422, 422, 422, 422, 422, 422, 422, 422, 422, 422, 422, 422
186	593	EVENT_WEAPON_PAIR_LOCK_CHANGED	131251	true
187	725	EVENT_ACTION_UPDATE_COOLDOWNS	250, 250, 267, 267, 267, 267, 267, 267, 267, 267, 267, 267, 267, 267, 267, 267
188	726	EVENT_EFFECT_CHANGED	131151	1	15	Major Prophecy	player	494.13900756836	494.13900756836	0	/esoui/art/icons/ability_buff_major_prophecy.dds		1	0	0	Phrost Pendragon^Mx	34400	61689	1
189	727	EVENT_EFFECT_CHANGED	131151	1	11	Major Savagery	player	1545.9549560547	1545.9549560547	0	/esoui/art/icons/ability_buff_major_savagery.dds		1	0	0	Phrost Pendragon^Mx	34400	61667	1
190	968	EVENT_ACTION_UPDATE_COOLDOWNS	16, 16, 16, 16, 16, 16, 16, 16, 16, 16, 16, 16, 16, 16, 16, 16
191	987	EVENT_ACTION_UPDATE_COOLDOWNS	0, 0, 0, 0, 0, 0, 0, 0, 0, 0, 0, 0, 0, 0, 0, 0
192	1177	EVENT_WEAPON_PAIR_LOCK_CHANGED	131251	false
193	1224	EVENT_ACTION_UPDATE_COOLDOWNS	0, 0, 0, 0, 0, 0, 0, 0, 0, 0, 0, 0, 0, 0, 0, 0
194	1912	Press 1	0, 0, 0, 0, 0, 0, 0, 0, 0, 0, 0, 0, 0, 0, 0, 0
195	1998	EVENT_ACTION_UPDATE_COOLDOWNS	988, 988, 988, 988, 988, 988, 988, 988, 988, 988, 988, 988, 988, 988, 988, 988
196	1998	EVENT_ACTION_SLOT_ABILITY_USED	131185	3
197	130	EVENT_EFFECT_CHANGED	131151	3	48	Major Breach	reticleover	1547.3640136719	1567.3640136719	0	/esoui/art/icons/ability_debuff_major_breach.dds		2	0	0	Target Frost Atronach	34400	61743	1
198	144	EVENT_EFFECT_CHANGED	131151	3	48	Major Breach	reticleover	1547.3780517578	1567.3780517578	0	/esoui/art/icons/ability_debuff_major_breach.dds		2	0	0	Target Frost Atronach	34400	61743	1
199	145	EVENT_ACTION_UPDATE_COOLDOWNS	845, 845, 845, 845, 845, 845, 845, 845, 845, 845, 845, 845, 845, 845, 845, 845
200	146	EVENT_EFFECT_CHANGED	131151	3	54874	Seething Fury	player	1547.3780517578	1552.3780517578	3	/esoui/art/icons/ability_dragonknight_025.dds		1	5	0	Phrost Pendragon^Mx	34400	122658	1
201	148	EVENT_EFFECT_CHANGED	131151	2	117	Engulfing Flames	reticleover	0	0	0	/esoui/art/icons/ability_dragonknight_004_b.dds		2	1	0	Target Frost Atronach	34400	31104	1
202	149	EVENT_EFFECT_CHANGED	131151	1	121	Engulfing Flames	reticleover	1547.3780517578	1561.3780517578	0	/esoui/art/icons/ability_dragonknight_004_b.dds		2	1	0	Target Frost Atronach	34400	31104	1
203	622	Press backquote	369, 369, 369, 369, 369, 369, 369, 369, 369, 369, 369, 369, 369, 369, 369, 369
204	647	EVENT_ACTION_UPDATE_COOLDOWNS	340, 340, 340, 340, 340, 340, 340, 340, 340, 340, 340, 340, 340, 340, 340, 340
205	660	EVENT_WEAPON_PAIR_LOCK_CHANGED	131251	true
206	761	EVENT_EFFECT_CHANGED	131151	2	11	Major Savagery	player	0	0	0	/esoui/art/icons/ability_buff_major_savagery.dds		1	0	0	Phrost Pendragon^Mx	34400	61667	1
207	765	EVENT_ACTION_UPDATE_COOLDOWNS	250, 250, 232, 232, 232, 232, 232, 232, 232, 232, 232, 232, 232, 232, 232, 232
208	994	EVENT_ACTION_UPDATE_COOLDOWNS	11, 11, 0, 0, 0, 0, 0, 0, 0, 0, 0, 0, 0, 0, 0, 0
209	1006	EVENT_ACTION_UPDATE_COOLDOWNS	0, 0, 0, 0, 0, 0, 0, 0, 0, 0, 0, 0, 0, 0, 0, 0
210	1200	EVENT_WEAPON_PAIR_LOCK_CHANGED	131251	false
211	1262	EVENT_ACTION_UPDATE_COOLDOWNS	0, 0, 0, 0, 0, 0, 0, 0, 0, 0, 0, 0, 0, 0, 0, 0
212	1910	Press 1	0, 0, 0, 0, 0, 0, 0, 0, 0, 0, 0, 0, 0, 0, 0, 0
213	1973	EVENT_ACTION_UPDATE_COOLDOWNS	988, 988, 988, 988, 988, 988, 988, 988, 988, 988, 988, 988, 988, 988, 988, 988
214	1973	EVENT_ACTION_SLOT_ABILITY_USED	131185	3
215	122	EVENT_ACTION_UPDATE_COOLDOWNS	865, 865, 865, 865, 865, 865, 865, 865, 865, 865, 865, 865, 865, 865, 865, 865
216	142	EVENT_EFFECT_CHANGED	131151	2	48	Major Breach	reticleover	0	0	0	/esoui/art/icons/ability_debuff_major_breach.dds		2	0	0	Target Frost Atronach	34400	61743	1
217	143	EVENT_EFFECT_CHANGED	131151	1	48	Major Breach	reticleover	1549.3520507813	1569.3520507813	0	/esoui/art/icons/ability_debuff_major_breach.dds		2	0	0	Target Frost Atronach	34400	61743	1
218	213	EVENT_EFFECT_CHANGED	131151	3	48	Major Breach	reticleover	1549.4210205078	1569.4210205078	0	/esoui/art/icons/ability_debuff_major_breach.dds		2	0	0	Target Frost Atronach	34400	61743	1
219	671	Press backquote	318, 318, 318, 318, 318, 318, 318, 318, 318, 318, 318, 318, 318, 318, 318, 318
220	707	EVENT_WEAPON_PAIR_LOCK_CHANGED	131251	true
221	818	EVENT_ACTION_UPDATE_COOLDOWNS	250, 250, 178, 178, 178, 178, 178, 178, 178, 178, 178, 178, 178, 178, 178, 178
222	820	EVENT_EFFECT_CHANGED	131151	1	15	Major Prophecy	player	494.13900756836	494.13900756836	0	/esoui/art/icons/ability_buff_major_prophecy.dds		1	0	0	Phrost Pendragon^Mx	34400	61689	1
223	821	EVENT_EFFECT_CHANGED	131151	1	11	Major Savagery	player	1550.0190429688	1550.0190429688	0	/esoui/art/icons/ability_buff_major_savagery.dds		1	0	0	Phrost Pendragon^Mx	34400	61667	1
224	991	EVENT_ACTION_UPDATE_COOLDOWNS	69, 69, 0, 0, 0, 0, 0, 0, 0, 0, 0, 0, 0, 0, 0, 0
225	1068	EVENT_ACTION_UPDATE_COOLDOWNS	0, 0, 0, 0, 0, 0, 0, 0, 0, 0, 0, 0, 0, 0, 0, 0
226	1267	EVENT_WEAPON_PAIR_LOCK_CHANGED	131251	false
227	1315	EVENT_ACTION_UPDATE_COOLDOWNS	0, 0, 0, 0, 0, 0, 0, 0, 0, 0, 0, 0, 0, 0, 0, 0
228	1937	Press 1	0, 0, 0, 0, 0, 0, 0, 0, 0, 0, 0, 0, 0, 0, 0, 0
229	2009	EVENT_ACTION_UPDATE_COOLDOWNS	988, 988, 988, 988, 988, 988, 988, 988, 988, 988, 988, 988, 988, 988, 988, 988
230	2009	EVENT_ACTION_SLOT_ABILITY_USED	131185	3
231	123	EVENT_EFFECT_CHANGED	131151	3	48	Major Breach	reticleover	1551.3380126953	1571.3380126953	0	/esoui/art/icons/ability_debuff_major_breach.dds		2	0	0	Target Frost Atronach	34400	61743	1
232	124	EVENT_EFFECT_CHANGED	131151	3	54874	Seething Fury	player	1551.3380126953	1556.3380126953	3	/esoui/art/icons/ability_dragonknight_025.dds		1	5	0	Phrost Pendragon^Mx	34400	122658	1
233	124	EVENT_ACTION_UPDATE_COOLDOWNS	868, 868, 868, 868, 868, 868, 868, 868, 868, 868, 868, 868, 868, 868, 868, 868
234	126	EVENT_EFFECT_CHANGED	131151	2	121	Engulfing Flames	reticleover	0	0	0	/esoui/art/icons/ability_dragonknight_004_b.dds		2	1	0	Target Frost Atronach	34400	31104	1
235	126	EVENT_EFFECT_CHANGED	131151	1	125	Engulfing Flames	reticleover	1551.3380126953	1565.3380126953	0	/esoui/art/icons/ability_dragonknight_004_b.dds		2	1	0	Target Frost Atronach	34400	31104	1
236	627	EVENT_ACTION_UPDATE_COOLDOWNS	362, 362, 362, 362, 362, 362, 362, 362, 362, 362, 362, 362, 362, 362, 362, 362
237	716	Press backquote	271, 271, 271, 271, 271, 271, 271, 271, 271, 271, 271, 271, 271, 271, 271, 271
238	747	EVENT_WEAPON_PAIR_LOCK_CHANGED	131251	true
239	840	EVENT_EFFECT_CHANGED	131151	2	11	Major Savagery	player	0	0	0	/esoui/art/icons/ability_buff_major_savagery.dds		1	0	0	Phrost Pendragon^Mx	34400	61667	1
240	843	EVENT_ACTION_UPDATE_COOLDOWNS	250, 250, 150, 150, 150, 150, 150, 150, 150, 150, 150, 150, 150, 150, 150, 150
241	993	EVENT_ACTION_UPDATE_COOLDOWNS	94, 94, 0, 0, 0, 0, 0, 0, 0, 0, 0, 0, 0, 0, 0, 0
242	1094	EVENT_ACTION_UPDATE_COOLDOWNS	0, 0, 0, 0, 0, 0, 0, 0, 0, 0, 0, 0, 0, 0, 0, 0
243	1164	EVENT_ACTION_UPDATE_COOLDOWNS	0, 0, 0, 0, 0, 0, 0, 0, 0, 0, 0, 0, 0, 0, 0, 0
244	1286	EVENT_WEAPON_PAIR_LOCK_CHANGED	131251	false
245	1346	EVENT_ACTION_UPDATE_COOLDOWNS	0, 0, 0, 0, 0, 0, 0, 0, 0, 0, 0, 0, 0, 0, 0, 0
246	1927	Press 1	0, 0, 0, 0, 0, 0, 0, 0, 0, 0, 0, 0, 0, 0, 0, 0
247	1998	EVENT_ACTION_UPDATE_COOLDOWNS	990, 990, 990, 990, 990, 990, 990, 990, 990, 990, 990, 990, 990, 990, 990, 990
248	1998	EVENT_ACTION_SLOT_ABILITY_USED	131185	3
249	100	EVENT_EFFECT_CHANGED	131151	2	48	Major Breach	reticleover	0	0	0	/esoui/art/icons/ability_debuff_major_breach.dds		2	0	0	Target Frost Atronach	34400	61743	1
250	131	EVENT_EFFECT_CHANGED	131151	1	48	Major Breach	reticleover	1553.3470458984	1573.3470458984	0	/esoui/art/icons/ability_debuff_major_breach.dds		2	0	0	Target Frost Atronach	34400	61743	1
251	184	EVENT_ACTION_UPDATE_COOLDOWNS	806, 806, 806, 806, 806, 806, 806, 806, 806, 806, 806, 806, 806, 806, 806, 806
252	186	EVENT_EFFECT_CHANGED	131151	3	48	Major Breach	reticleover	1553.4000244141	1573.4000244141	0	/esoui/art/icons/ability_debuff_major_breach.dds		2	0	0	Target Frost Atronach	34400	61743	1
253	771	Press backquote	221, 221, 221, 221, 221, 221, 221, 221, 221, 221, 221, 221, 221, 221, 221, 221
254	816	EVENT_WEAPON_PAIR_LOCK_CHANGED	131251	true
255	924	EVENT_ACTION_UPDATE_COOLDOWNS	250, 250, 74, 74, 74, 74, 74, 74, 74, 74, 74, 74, 74, 74, 74, 74
256	926	EVENT_EFFECT_CHANGED	131151	1	15	Major Prophecy	player	494.13900756836	494.13900756836	0	/esoui/art/icons/ability_buff_major_prophecy.dds		1	0	0	Phrost Pendragon^Mx	34400	61689	1
257	927	EVENT_EFFECT_CHANGED	131151	1	11	Major Savagery	player	1554.1319580078	1554.1319580078	0	/esoui/art/icons/ability_buff_major_savagery.dds		1	0	0	Phrost Pendragon^Mx	34400	61667	1
258	999	EVENT_ACTION_UPDATE_COOLDOWNS	167, 167, 0, 0, 0, 0, 0, 0, 0, 0, 0, 0, 0, 0, 0, 0
259	1168	EVENT_ACTION_UPDATE_COOLDOWNS	0, 0, 0, 0, 0, 0, 0, 0, 0, 0, 0, 0, 0, 0, 0, 0
260	1366	EVENT_WEAPON_PAIR_LOCK_CHANGED	131251	false
261	1418	EVENT_ACTION_UPDATE_COOLDOWNS	0, 0, 0, 0, 0, 0, 0, 0, 0, 0, 0, 0, 0, 0, 0, 0
262	1932	Press 1	0, 0, 0, 0, 0, 0, 0, 0, 0, 0, 0, 0, 0, 0, 0, 0
263	1994	EVENT_ACTION_UPDATE_COOLDOWNS	990, 990, 990, 990, 990, 990, 990, 990, 990, 990, 990, 990, 990, 990, 990, 990
264	1994	EVENT_ACTION_SLOT_ABILITY_USED	131185	3
265	23	EVENT_EFFECT_CHANGED	131151	3	48	Major Breach	reticleover	1555.2340087891	1575.2340087891	0	/esoui/art/icons/ability_debuff_major_breach.dds		2	0	0	Target Frost Atronach	34400	61743	1
266	119	EVENT_EFFECT_CHANGED	131151	3	48	Major Breach	reticleover	1555.3270263672	1575.3270263672	0	/esoui/art/icons/ability_debuff_major_breach.dds		2	0	0	Target Frost Atronach	34400	61743	1
267	119	EVENT_ACTION_UPDATE_COOLDOWNS	873, 873, 873, 873, 873, 873, 873, 873, 873, 873, 873, 873, 873, 873, 873, 873
268	120	EVENT_EFFECT_CHANGED	131151	3	54874	Seething Fury	player	1555.3270263672	1560.3270263672	3	/esoui/art/icons/ability_dragonknight_025.dds		1	5	0	Phrost Pendragon^Mx	34400	122658	1
269	122	EVENT_EFFECT_CHANGED	131151	2	125	Engulfing Flames	reticleover	0	0	0	/esoui/art/icons/ability_dragonknight_004_b.dds		2	1	0	Target Frost Atronach	34400	31104	1
270	122	EVENT_EFFECT_CHANGED	131151	1	130	Engulfing Flames	reticleover	1555.3270263672	1569.3270263672	0	/esoui/art/icons/ability_dragonknight_004_b.dds		2	1	0	Target Frost Atronach	34400	31104	1
271	625	EVENT_ACTION_UPDATE_COOLDOWNS	365, 365, 365, 365, 365, 365, 365, 365, 365, 365, 365, 365, 365, 365, 365, 365
272	817	Press backquote	173, 173, 173, 173, 173, 173, 173, 173, 173, 173, 173, 173, 173, 173, 173, 173
273	850	EVENT_WEAPON_PAIR_LOCK_CHANGED	131251	true
274	971	EVENT_EFFECT_CHANGED	131151	2	11	Major Savagery	player	0	0	0	/esoui/art/icons/ability_buff_major_savagery.dds		1	0	0	Phrost Pendragon^Mx	34400	61667	1
275	975	EVENT_ACTION_UPDATE_COOLDOWNS	250, 250, 25, 25, 25, 25, 25, 25, 25, 25, 25, 25, 25, 25, 25, 25
276	997	EVENT_ACTION_UPDATE_COOLDOWNS	219, 219, 0, 0, 0, 0, 0, 0, 0, 0, 0, 0, 0, 0, 0, 0
277	1216	EVENT_ACTION_UPDATE_COOLDOWNS	0, 0, 0, 0, 0, 0, 0, 0, 0, 0, 0, 0, 0, 0, 0, 0
278	1415	EVENT_WEAPON_PAIR_LOCK_CHANGED	131251	false
279	1469	EVENT_ACTION_UPDATE_COOLDOWNS	0, 0, 0, 0, 0, 0, 0, 0, 0, 0, 0, 0, 0, 0, 0, 0
280	2130	EVENT_ACTION_UPDATE_COOLDOWNS	0, 0, 0, 0, 0, 0, 0, 0, 0, 0, 0, 0, 0, 0, 0, 0
281	2200	EVENT_EFFECT_CHANGED	131151	3	48	Major Breach	reticleover	1557.4100341797	1577.4100341797	0	/esoui/art/icons/ability_debuff_major_breach.dds		2	0	0	Target Frost Atronach	34400	61743	1
282	3195	EVENT_ACTION_UPDATE_COOLDOWNS	0, 0, 0, 0, 0, 0, 0, 0, 0, 0, 0, 0, 0, 0, 0, 0
283	4161	EVENT_ACTION_UPDATE_COOLDOWNS	0, 0, 0, 0, 0, 0, 0, 0, 0, 0, 0, 0, 0, 0, 0, 0
284	4162	EVENT_EFFECT_CHANGED	131151	3	48	Major Breach	reticleover	1559.3699951172	1579.3699951172	0	/esoui/art/icons/ability_debuff_major_breach.dds		2	0	0	Target Frost Atronach	34400	61743	1
285	5134	EVENT_EFFECT_CHANGED	131151	2	54874	Seething Fury	player	0	0	3	/esoui/art/icons/ability_dragonknight_025.dds		1	5	0	Phrost Pendragon^Mx	34400	122658	1
286	5960	EVENT_EFFECT_CHANGED	131151	3	48	Major Breach	reticleover	1561.1689453125	1581.1689453125	0	/esoui/art/icons/ability_debuff_major_breach.dds		2	0	0	Target Frost Atronach	34400	61743	1
287	6147	EVENT_EFFECT_CHANGED	131151	3	48	Major Breach	reticleover	1561.3549804688	1581.3549804688	0	/esoui/art/icons/ability_debuff_major_breach.dds		2	0	0	Target Frost Atronach	34400	61743	1
288	8243	EVENT_EFFECT_CHANGED	131151	3	48	Major Breach	reticleover	1563.4520263672	1583.4520263672	0	/esoui/art/icons/ability_debuff_major_breach.dds		2	0	0	Target Frost Atronach	34400	61743	1
289	9162	EVENT_ACTION_UPDATE_COOLDOWNS	0, 0, 0, 0, 0, 0, 0, 0, 0, 0, 0, 0, 0, 0, 0, 0
290	10127	EVENT_ACTION_UPDATE_COOLDOWNS	0, 0, 0, 0, 0, 0, 0, 0, 0, 0, 0, 0, 0, 0, 0, 0
291	10128	EVENT_EFFECT_CHANGED	131151	3	48	Major Breach	reticleover	1565.3360595703	1585.3360595703	0	/esoui/art/icons/ability_debuff_major_breach.dds		2	0	0	Target Frost Atronach	34400	61743	1
292	12216	EVENT_EFFECT_CHANGED	131151	3	48	Major Breach	reticleover	1567.4229736328	1587.4229736328	0	/esoui/art/icons/ability_debuff_major_breach.dds		2	0	0	Target Frost Atronach	34400	61743	1
293	14155	EVENT_EFFECT_CHANGED	131151	3	48	Major Breach	reticleover	1569.3640136719	1589.3640136719	0	/esoui/art/icons/ability_debuff_major_breach.dds		2	0	0	Target Frost Atronach	34400	61743	1
294	14156	EVENT_EFFECT_CHANGED	131151	2	130	Engulfing Flames	reticleover	0	0	0	/esoui/art/icons/ability_dragonknight_004_b.dds		2	1	0	Target Frost Atronach	34400	31104	1
295	15130	EVENT_ACTION_UPDATE_COOLDOWNS	0, 0, 0, 0, 0, 0, 0, 0, 0, 0, 0, 0, 0, 0, 0, 0
