2	11703	Mouse Click	0, 0, 0, 0, 0, 0, 0, 0, 0, 0, 0, 0, 0, 0, 0, 0
3	11754	OnActionUpdateCooldowns	690, 0, 0, 0, 0, 0, 0, 0, 0, 0, 0, 0, 0, 0, 0, 0
4	11754	EVENT_ACTION_SLOT_ABILITY_USED	131185	1
5	119	OnActionUpdateCooldowns	570, 700, 0, 0, 0, 0, 0, 0, 0, 0, 0, 0, 0, 0, 0, 0
6	689	OnActionUpdateCooldowns	0, 130, 0, 0, 0, 0, 0, 0, 0, 0, 0, 0, 0, 0, 0, 0
7	720	OnActionUpdateCooldowns	0, 100, 0, 0, 0, 0, 0, 0, 0, 0, 0, 0, 0, 0, 0, 0
8	826	OnActionUpdateCooldowns	0, 0, 0, 0, 0, 0, 0, 0, 0, 0, 0, 0, 0, 0, 0, 0

9	1948	Mouse Click	0, 0, 0, 0, 0, 0, 0, 0, 0, 0, 0, 0, 0, 0, 0, 0
10	2008	OnActionUpdateCooldowns	690, 0, 0, 0, 0, 0, 0, 0, 0, 0, 0, 0, 0, 0, 0, 0
11	2008	EVENT_ACTION_SLOT_ABILITY_USED	131185	1
12	120	OnActionUpdateCooldowns	570, 700, 0, 0, 0, 0, 0, 0, 0, 0, 0, 0, 0, 0, 0, 0
13	689	OnActionUpdateCooldowns	0, 130, 0, 0, 0, 0, 0, 0, 0, 0, 0, 0, 0, 0, 0, 0
14	699	OnActionUpdateCooldowns	0, 120, 0, 0, 0, 0, 0, 0, 0, 0, 0, 0, 0, 0, 0, 0
15	821	OnActionUpdateCooldowns	0, 0, 0, 0, 0, 0, 0, 0, 0, 0, 0, 0, 0, 0, 0, 0

16	1944	Mouse Click	0, 0, 0, 0, 0, 0, 0, 0, 0, 0, 0, 0, 0, 0, 0, 0
17	2016	OnActionUpdateCooldowns	689, 0, 0, 0, 0, 0, 0, 0, 0, 0, 0, 0, 0, 0, 0, 0
18	2016	EVENT_ACTION_SLOT_ABILITY_USED	131185	1
19	62	Press backquote	628, 0, 0, 0, 0, 0, 0, 0, 0, 0, 0, 0, 0, 0, 0, 0
20	94	EVENT_WEAPON_PAIR_LOCK_CHANGED	131251	true
21	114	OnActionUpdateCooldowns	574, 700, 0, 0, 0, 0, 0, 0, 0, 0, 0, 0, 0, 0, 0, 0
22	205	OnActionUpdateCooldowns	493, 619, 0, 0, 0, 0, 0, 0, 0, 0, 0, 0, 0, 0, 0, 0
23	205	EVENT_ACTION_SLOT_UPDATED	131177	2
24	205	EVENT_ACTION_SLOT_UPDATED	131177	1
25	217	OnActionUpdateCooldowns	250, 250, 0, 0, 0, 0, 0, 0, 0, 0, 0, 0, 0, 0, 0, 0
26	222	EVENT_EFFECT_CHANGED	131151	1	15	Major Prophecy	player	494.13900756836	494.13900756836	0	/esoui/art/icons/ability_buff_major_prophecy.dds		1	0	0	Phrost Pendragon^Mx	34400	61689	1
27	226	EVENT_EFFECT_CHANGED	131151	1	11	Major Savagery	player	647.84997558594	647.84997558594	0	/esoui/art/icons/ability_buff_major_savagery.dds		1	0	0	Phrost Pendragon^Mx	34400	61667	1
28	466	OnActionUpdateCooldowns	0, 0, 0, 0, 0, 0, 0, 0, 0, 0, 0, 0, 0, 0, 0, 0
29	667	EVENT_WEAPON_PAIR_LOCK_CHANGED	131251	false
30	687	OnActionUpdateCooldowns	0, 0, 0, 0, 0, 0, 0, 0, 0, 0, 0, 0, 0, 0, 0, 0
31	718	OnActionUpdateCooldowns	0, 0, 0, 0, 0, 0, 0, 0, 0, 0, 0, 0, 0, 0, 0, 0
32	730	OnActionUpdateCooldowns	0, 0, 0, 0, 0, 0, 0, 0, 0, 0, 0, 0, 0, 0, 0, 0
33	1697	OnActionUpdateCooldowns	0, 0, 0, 0, 0, 0, 0, 0, 0, 0, 0, 0, 0, 0, 0, 0

34	1919	Mouse Click	0, 0, 0, 0, 0, 0, 0, 0, 0, 0, 0, 0, 0, 0, 0, 0
35	1985	OnActionUpdateCooldowns	690, 0, 0, 0, 0, 0, 0, 0, 0, 0, 0, 0, 0, 0, 0, 0
36	1985	EVENT_ACTION_SLOT_ABILITY_USED	131185	1
37	96	OnActionUpdateCooldowns	594, 700, 0, 0, 0, 0, 0, 0, 0, 0, 0, 0, 0, 0, 0, 0
38	118	Press backquote	572, 678, 0, 0, 0, 0, 0, 0, 0, 0, 0, 0, 0, 0, 0, 0
39	142	EVENT_WEAPON_PAIR_LOCK_CHANGED	131251	true
40	245	EVENT_EFFECT_CHANGED	131151	2	11	Major Savagery	player	0	0	0	/esoui/art/icons/ability_buff_major_savagery.dds		1	0	0	Phrost Pendragon^Mx	34400	61667	1
41	249	OnActionUpdateCooldowns	250, 250, 0, 0, 0, 0, 0, 0, 0, 0, 0, 0, 0, 0, 0, 0
42	499	OnActionUpdateCooldowns	0, 0, 0, 0, 0, 0, 0, 0, 0, 0, 0, 0, 0, 0, 0, 0
43	659	OnActionUpdateCooldowns	0, 0, 0, 0, 0, 0, 0, 0, 0, 0, 0, 0, 0, 0, 0, 0
44	667	EVENT_EFFECT_CHANGED	131151	1	54829	Berserker	player	650.27801513672	655.27801513672	0	/esoui/art/icons/ava_artifact_006.dds		1	5	0	Phrost Pendragon^Mx	34400	21230	1
45	694	EVENT_WEAPON_PAIR_LOCK_CHANGED	131251	false
46	748	OnActionUpdateCooldowns	0, 0, 0, 0, 0, 0, 0, 0, 0, 0, 0, 0, 0, 0, 0, 0

47	1938	Mouse Click	0, 0, 0, 0, 0, 0, 0, 0, 0, 0, 0, 0, 0, 0, 0, 0
48	2018	OnActionUpdateCooldowns	688, 0, 0, 0, 0, 0, 0, 0, 0, 0, 0, 0, 0, 0, 0, 0
49	2018	EVENT_ACTION_SLOT_ABILITY_USED	131185	1
50	101	OnActionUpdateCooldowns	588, 700, 0, 0, 0, 0, 0, 0, 0, 0, 0, 0, 0, 0, 0, 0
51	173	Press backquote	517, 629, 0, 0, 0, 0, 0, 0, 0, 0, 0, 0, 0, 0, 0, 0
52	210	EVENT_WEAPON_PAIR_LOCK_CHANGED	131251	true
53	330	OnActionUpdateCooldowns	250, 250, 0, 0, 0, 0, 0, 0, 0, 0, 0, 0, 0, 0, 0, 0
54	333	EVENT_EFFECT_CHANGED	131151	1	15	Major Prophecy	player	494.13900756836	494.13900756836	0	/esoui/art/icons/ability_buff_major_prophecy.dds		1	0	0	Phrost Pendragon^Mx	34400	61689	1
55	338	EVENT_EFFECT_CHANGED	131151	1	11	Major Savagery	player	651.958984375	651.958984375	0	/esoui/art/icons/ability_buff_major_savagery.dds		1	0	0	Phrost Pendragon^Mx	34400	61667	1
56	582	OnActionUpdateCooldowns	0, 0, 0, 0, 0, 0, 0, 0, 0, 0, 0, 0, 0, 0, 0, 0
57	619	OnActionUpdateCooldowns	0, 0, 0, 0, 0, 0, 0, 0, 0, 0, 0, 0, 0, 0, 0, 0
58	781	EVENT_WEAPON_PAIR_LOCK_CHANGED	131251	false
59	823	OnActionUpdateCooldowns	0, 0, 0, 0, 0, 0, 0, 0, 0, 0, 0, 0, 0, 0, 0, 0

60	1926	Mouse Click	0, 0, 0, 0, 0, 0, 0, 0, 0, 0, 0, 0, 0, 0, 0, 0
61	1990	OnActionUpdateCooldowns	687, 0, 0, 0, 0, 0, 0, 0, 0, 0, 0, 0, 0, 0, 0, 0
62	1990	EVENT_ACTION_SLOT_ABILITY_USED	131185	1
63	103	OnActionUpdateCooldowns	584, 700, 0, 0, 0, 0, 0, 0, 0, 0, 0, 0, 0, 0, 0, 0
64	221	Press backquote	467, 583, 0, 0, 0, 0, 0, 0, 0, 0, 0, 0, 0, 0, 0, 0
65	257	EVENT_WEAPON_PAIR_LOCK_CHANGED	131251	true
66	387	EVENT_EFFECT_CHANGED	131151	2	11	Major Savagery	player	0	0	0	/esoui/art/icons/ability_buff_major_savagery.dds		1	0	0	Phrost Pendragon^Mx	34400	61667	1
67	392	OnActionUpdateCooldowns	250, 250, 0, 0, 0, 0, 0, 0, 0, 0, 0, 0, 0, 0, 0, 0
68	635	OnActionUpdateCooldowns	0, 0, 0, 0, 0, 0, 0, 0, 0, 0, 0, 0, 0, 0, 0, 0
69	834	EVENT_WEAPON_PAIR_LOCK_CHANGED	131251	false
70	890	OnActionUpdateCooldowns	0, 0, 0, 0, 0, 0, 0, 0, 0, 0, 0, 0, 0, 0, 0, 0
71	1659	EVENT_EFFECT_CHANGED	131151	2	54829	Berserker	player	0	0	0	/esoui/art/icons/ava_artifact_006.dds		1	5	0	Phrost Pendragon^Mx	34400	21230	1

72	1926	Mouse Click	0, 0, 0, 0, 0, 0, 0, 0, 0, 0, 0, 0, 0, 0, 0, 0
73	1984	OnActionUpdateCooldowns	688, 0, 0, 0, 0, 0, 0, 0, 0, 0, 0, 0, 0, 0, 0, 0
74	1984	EVENT_ACTION_SLOT_ABILITY_USED	131185	1
75	101	OnActionUpdateCooldowns	587, 700, 0, 0, 0, 0, 0, 0, 0, 0, 0, 0, 0, 0, 0, 0
76	271	Press backquote	418, 531, 0, 0, 0, 0, 0, 0, 0, 0, 0, 0, 0, 0, 0, 0
77	307	EVENT_WEAPON_PAIR_LOCK_CHANGED	131251	true
78	425	OnActionUpdateCooldowns	250, 250, 0, 0, 0, 0, 0, 0, 0, 0, 0, 0, 0, 0, 0, 0
79	428	EVENT_EFFECT_CHANGED	131151	1	15	Major Prophecy	player	494.13900756836	494.13900756836	0	/esoui/art/icons/ability_buff_major_prophecy.dds		1	0	0	Phrost Pendragon^Mx	34400	61689	1
80	429	EVENT_EFFECT_CHANGED	131151	1	11	Major Savagery	player	656.02801513672	656.02801513672	0	/esoui/art/icons/ability_buff_major_savagery.dds		1	0	0	Phrost Pendragon^Mx	34400	61667	1
81	615	OnActionUpdateCooldowns	53, 53, 0, 0, 0, 0, 0, 0, 0, 0, 0, 0, 0, 0, 0, 0
82	679	OnActionUpdateCooldowns	0, 0, 0, 0, 0, 0, 0, 0, 0, 0, 0, 0, 0, 0, 0, 0
83	870	EVENT_WEAPON_PAIR_LOCK_CHANGED	131251	false
84	921	OnActionUpdateCooldowns	0, 0, 0, 0, 0, 0, 0, 0, 0, 0, 0, 0, 0, 0, 0, 0
85	1651	OnActionUpdateCooldowns	0, 0, 0, 0, 0, 0, 0, 0, 0, 0, 0, 0, 0, 0, 0, 0

86	1947	Mouse Click	0, 0, 0, 0, 0, 0, 0, 0, 0, 0, 0, 0, 0, 0, 0, 0
87	2018	OnActionUpdateCooldowns	689, 0, 0, 0, 0, 0, 0, 0, 0, 0, 0, 0, 0, 0, 0, 0
88	2018	EVENT_ACTION_SLOT_ABILITY_USED	131185	1
89	113	OnActionUpdateCooldowns	577, 700, 0, 0, 0, 0, 0, 0, 0, 0, 0, 0, 0, 0, 0, 0
90	315	Press backquote	374, 497, 0, 0, 0, 0, 0, 0, 0, 0, 0, 0, 0, 0, 0, 0
91	349	EVENT_WEAPON_PAIR_LOCK_CHANGED	131251	true
92	453	EVENT_EFFECT_CHANGED	131151	2	11	Major Savagery	player	0	0	0	/esoui/art/icons/ability_buff_major_savagery.dds		1	0	0	Phrost Pendragon^Mx	34400	61667	1
93	457	OnActionUpdateCooldowns	250, 250, 0, 0, 0, 0, 0, 0, 0, 0, 0, 0, 0, 0, 0, 0
94	604	OnActionUpdateCooldowns	94, 94, 0, 0, 0, 0, 0, 0, 0, 0, 0, 0, 0, 0, 0, 0
95	706	OnActionUpdateCooldowns	0, 0, 0, 0, 0, 0, 0, 0, 0, 0, 0, 0, 0, 0, 0, 0
96	901	EVENT_WEAPON_PAIR_LOCK_CHANGED	131251	false
97	951	OnActionUpdateCooldowns	0, 0, 0, 0, 0, 0, 0, 0, 0, 0, 0, 0, 0, 0, 0, 0
98	1651	OnActionUpdateCooldowns	0, 0, 0, 0, 0, 0, 0, 0, 0, 0, 0, 0, 0, 0, 0, 0

99	1925	Mouse Click	0, 0, 0, 0, 0, 0, 0, 0, 0, 0, 0, 0, 0, 0, 0, 0
100	2009	OnActionUpdateCooldowns	688, 0, 0, 0, 0, 0, 0, 0, 0, 0, 0, 0, 0, 0, 0, 0
101	2009	EVENT_ACTION_SLOT_ABILITY_USED	131185	1
102	95	OnActionUpdateCooldowns	592, 700, 0, 0, 0, 0, 0, 0, 0, 0, 0, 0, 0, 0, 0, 0
103	371	Press backquote	316, 424, 0, 0, 0, 0, 0, 0, 0, 0, 0, 0, 0, 0, 0, 0
104	407	EVENT_WEAPON_PAIR_LOCK_CHANGED	131251	true
105	521	OnActionUpdateCooldowns	250, 250, 0, 0, 0, 0, 0, 0, 0, 0, 0, 0, 0, 0, 0, 0
106	524	EVENT_EFFECT_CHANGED	131151	1	15	Major Prophecy	player	494.13900756836	494.13900756836	0	/esoui/art/icons/ability_buff_major_prophecy.dds		1	0	0	Phrost Pendragon^Mx	34400	61689	1
107	525	EVENT_EFFECT_CHANGED	131151	1	11	Major Savagery	player	660.15100097656	660.15100097656	0	/esoui/art/icons/ability_buff_major_savagery.dds		1	0	0	Phrost Pendragon^Mx	34400	61667	1
108	613	OnActionUpdateCooldowns	152, 152, 0, 0, 0, 0, 0, 0, 0, 0, 0, 0, 0, 0, 0, 0
109	767	OnActionUpdateCooldowns	0, 0, 0, 0, 0, 0, 0, 0, 0, 0, 0, 0, 0, 0, 0, 0
110	963	EVENT_WEAPON_PAIR_LOCK_CHANGED	131251	false
111	1014	OnActionUpdateCooldowns	0, 0, 0, 0, 0, 0, 0, 0, 0, 0, 0, 0, 0, 0, 0, 0

112	1924	Mouse Click	0, 0, 0, 0, 0, 0, 0, 0, 0, 0, 0, 0, 0, 0, 0, 0
113	1991	OnActionUpdateCooldowns	689, 0, 0, 0, 0, 0, 0, 0, 0, 0, 0, 0, 0, 0, 0, 0
114	1991	EVENT_ACTION_SLOT_ABILITY_USED	131185	1
115	102	OnActionUpdateCooldowns	587, 700, 0, 0, 0, 0, 0, 0, 0, 0, 0, 0, 0, 0, 0, 0
116	424	Press backquote	267, 380, 0, 0, 0, 0, 0, 0, 0, 0, 0, 0, 0, 0, 0, 0
117	458	EVENT_WEAPON_PAIR_LOCK_CHANGED	131251	true
118	594	EVENT_EFFECT_CHANGED	131151	2	11	Major Savagery	player	0	0	0	/esoui/art/icons/ability_buff_major_savagery.dds		1	0	0	Phrost Pendragon^Mx	34400	61667	1
119	598	OnActionUpdateCooldowns	250, 250, 0, 0, 0, 0, 0, 0, 0, 0, 0, 0, 0, 0, 0, 0
120	622	OnActionUpdateCooldowns	217, 217, 0, 0, 0, 0, 0, 0, 0, 0, 0, 0, 0, 0, 0, 0
121	679	OnActionUpdateCooldowns	160, 160, 0, 0, 0, 0, 0, 0, 0, 0, 0, 0, 0, 0, 0, 0
122	681	EVENT_EFFECT_CHANGED	131151	1	54846	Berserker	player	662.30798339844	667.30798339844	0	/esoui/art/icons/ava_artifact_006.dds		1	5	0	Phrost Pendragon^Mx	34400	21230	1
123	843	OnActionUpdateCooldowns	0, 0, 0, 0, 0, 0, 0, 0, 0, 0, 0, 0, 0, 0, 0, 0
124	1048	EVENT_WEAPON_PAIR_LOCK_CHANGED	131251	false
125	1091	OnActionUpdateCooldowns	0, 0, 0, 0, 0, 0, 0, 0, 0, 0, 0, 0, 0, 0, 0, 0

126	1930	Mouse Click	0, 0, 0, 0, 0, 0, 0, 0, 0, 0, 0, 0, 0, 0, 0, 0
127	1998	OnActionUpdateCooldowns	688, 0, 0, 0, 0, 0, 0, 0, 0, 0, 0, 0, 0, 0, 0, 0
128	1998	EVENT_ACTION_SLOT_ABILITY_USED	131185	1
129	96	OnActionUpdateCooldowns	594, 700, 0, 0, 0, 0, 0, 0, 0, 0, 0, 0, 0, 0, 0, 0
130	468	Press backquote	220, 326, 0, 0, 0, 0, 0, 0, 0, 0, 0, 0, 0, 0, 0, 0
131	502	EVENT_WEAPON_PAIR_LOCK_CHANGED	131251	true
132	616	OnActionUpdateCooldowns	250, 250, 0, 0, 0, 0, 0, 0, 0, 0, 0, 0, 0, 0, 0, 0
133	618	EVENT_EFFECT_CHANGED	131151	1	15	Major Prophecy	player	494.13900756836	494.13900756836	0	/esoui/art/icons/ability_buff_major_prophecy.dds		1	0	0	Phrost Pendragon^Mx	34400	61689	1
134	618	EVENT_EFFECT_CHANGED	131151	1	11	Major Savagery	player	664.23498535156	664.23498535156	0	/esoui/art/icons/ability_buff_major_savagery.dds		1	0	0	Phrost Pendragon^Mx	34400	61667	1
135	633	OnActionUpdateCooldowns	227, 227, 0, 0, 0, 0, 0, 0, 0, 0, 0, 0, 0, 0, 0, 0
136	867	OnActionUpdateCooldowns	0, 0, 0, 0, 0, 0, 0, 0, 0, 0, 0, 0, 0, 0, 0, 0
137	1066	EVENT_WEAPON_PAIR_LOCK_CHANGED	131251	false
138	1117	OnActionUpdateCooldowns	0, 0, 0, 0, 0, 0, 0, 0, 0, 0, 0, 0, 0, 0, 0, 0
139	1629	OnActionUpdateCooldowns	0, 0, 0, 0, 0, 0, 0, 0, 0, 0, 0, 0, 0, 0, 0, 0

140	1935	Mouse Click	0, 0, 0, 0, 0, 0, 0, 0, 0, 0, 0, 0, 0, 0, 0, 0
141	2013	OnActionUpdateCooldowns	687, 0, 0, 0, 0, 0, 0, 0, 0, 0, 0, 0, 0, 0, 0, 0
142	2013	EVENT_ACTION_SLOT_ABILITY_USED	131185	1
143	92	OnActionUpdateCooldowns	596, 700, 0, 0, 0, 0, 0, 0, 0, 0, 0, 0, 0, 0, 0, 0
144	524	Press backquote	163, 267, 0, 0, 0, 0, 0, 0, 0, 0, 0, 0, 0, 0, 0, 0
145	564	EVENT_WEAPON_PAIR_LOCK_CHANGED	131251	true
146	632	OnActionUpdateCooldowns	57, 161, 0, 0, 0, 0, 0, 0, 0, 0, 0, 0, 0, 0, 0, 0
147	689	EVENT_EFFECT_CHANGED	131151	2	11	Major Savagery	player	0	0	0	/esoui/art/icons/ability_buff_major_savagery.dds		1	0	0	Phrost Pendragon^Mx	34400	61667	1
148	693	OnActionUpdateCooldowns	250, 250, 0, 0, 0, 0, 0, 0, 0, 0, 0, 0, 0, 0, 0, 0
149	944	OnActionUpdateCooldowns	0, 0, 0, 0, 0, 0, 0, 0, 0, 0, 0, 0, 0, 0, 0, 0
150	1141	EVENT_WEAPON_PAIR_LOCK_CHANGED	131251	false
151	1192	OnActionUpdateCooldowns	0, 0, 0, 0, 0, 0, 0, 0, 0, 0, 0, 0, 0, 0, 0, 0
152	1668	EVENT_EFFECT_CHANGED	131151	2	54846	Berserker	player	0	0	0	/esoui/art/icons/ava_artifact_006.dds		1	5	0	Phrost Pendragon^Mx	34400	21230	1

153	1922	Mouse Click	0, 0, 0, 0, 0, 0, 0, 0, 0, 0, 0, 0, 0, 0, 0, 0
154	1989	OnActionUpdateCooldowns	686, 0, 0, 0, 0, 0, 0, 0, 0, 0, 0, 0, 0, 0, 0, 0
155	1989	EVENT_ACTION_SLOT_ABILITY_USED	131185	1
156	102	OnActionUpdateCooldowns	584, 700, 0, 0, 0, 0, 0, 0, 0, 0, 0, 0, 0, 0, 0, 0
157	576	Press backquote	112, 228, 0, 0, 0, 0, 0, 0, 0, 0, 0, 0, 0, 0, 0, 0
158	603	OnActionUpdateCooldowns	84, 200, 0, 0, 0, 0, 0, 0, 0, 0, 0, 0, 0, 0, 0, 0
159	621	EVENT_WEAPON_PAIR_LOCK_CHANGED	131251	true
160	700	OnActionUpdateCooldowns	0, 102, 0, 0, 0, 0, 0, 0, 0, 0, 0, 0, 0, 0, 0, 0
161	747	OnActionUpdateCooldowns	250, 250, 0, 0, 0, 0, 0, 0, 0, 0, 0, 0, 0, 0, 0, 0
162	750	EVENT_EFFECT_CHANGED	131151	1	15	Major Prophecy	player	494.13900756836	494.13900756836	0	/esoui/art/icons/ability_buff_major_prophecy.dds		1	0	0	Phrost Pendragon^Mx	34400	61689	1
163	751	EVENT_EFFECT_CHANGED	131151	1	11	Major Savagery	player	668.36700439453	668.36700439453	0	/esoui/art/icons/ability_buff_major_savagery.dds		1	0	0	Phrost Pendragon^Mx	34400	61667	1
164	990	OnActionUpdateCooldowns	0, 0, 0, 0, 0, 0, 0, 0, 0, 0, 0, 0, 0, 0, 0, 0
165	1203	EVENT_WEAPON_PAIR_LOCK_CHANGED	131251	false
166	1242	OnActionUpdateCooldowns	0, 0, 0, 0, 0, 0, 0, 0, 0, 0, 0, 0, 0, 0, 0, 0

167	1927	Mouse Click	0, 0, 0, 0, 0, 0, 0, 0, 0, 0, 0, 0, 0, 0, 0, 0
168	2003	OnActionUpdateCooldowns	689, 0, 0, 0, 0, 0, 0, 0, 0, 0, 0, 0, 0, 0, 0, 0
169	2003	EVENT_ACTION_SLOT_ABILITY_USED	131185	1
170	115	OnActionUpdateCooldowns	574, 700, 0, 0, 0, 0, 0, 0, 0, 0, 0, 0, 0, 0, 0, 0
171	601	OnActionUpdateCooldowns	87, 213, 0, 0, 0, 0, 0, 0, 0, 0, 0, 0, 0, 0, 0, 0
172	613	Press backquote	76, 202, 0, 0, 0, 0, 0, 0, 0, 0, 0, 0, 0, 0, 0, 0
173	647	EVENT_WEAPON_PAIR_LOCK_CHANGED	131251	true
174	691	OnActionUpdateCooldowns	0, 125, 0, 0, 0, 0, 0, 0, 0, 0, 0, 0, 0, 0, 0, 0
175	758	EVENT_EFFECT_CHANGED	131151	2	11	Major Savagery	player	0	0	0	/esoui/art/icons/ability_buff_major_savagery.dds		1	0	0	Phrost Pendragon^Mx	34400	61667	1
176	763	OnActionUpdateCooldowns	250, 250, 0, 0, 0, 0, 0, 0, 0, 0, 0, 0, 0, 0, 0, 0
177	1000	OnActionUpdateCooldowns	0, 0, 0, 0, 0, 0, 0, 0, 0, 0, 0, 0, 0, 0, 0, 0
178	1211	EVENT_WEAPON_PAIR_LOCK_CHANGED	131251	false
179	1262	OnActionUpdateCooldowns	0, 0, 0, 0, 0, 0, 0, 0, 0, 0, 0, 0, 0, 0, 0, 0
180	1638	OnActionUpdateCooldowns	0, 0, 0, 0, 0, 0, 0, 0, 0, 0, 0, 0, 0, 0, 0, 0
181	1688	OnActionUpdateCooldowns	0, 0, 0, 0, 0, 0, 0, 0, 0, 0, 0, 0, 0, 0, 0, 0

182	1928	Mouse Click	0, 0, 0, 0, 0, 0, 0, 0, 0, 0, 0, 0, 0, 0, 0, 0
183	2003	OnActionUpdateCooldowns	687, 0, 0, 0, 0, 0, 0, 0, 0, 0, 0, 0, 0, 0, 0, 0
184	2003	EVENT_ACTION_SLOT_ABILITY_USED	131185	1
185	100	OnActionUpdateCooldowns	586, 700, 0, 0, 0, 0, 0, 0, 0, 0, 0, 0, 0, 0, 0, 0
186	632	OnActionUpdateCooldowns	56, 170, 0, 0, 0, 0, 0, 0, 0, 0, 0, 0, 0, 0, 0, 0
187	676	Press backquote	12, 126, 0, 0, 0, 0, 0, 0, 0, 0, 0, 0, 0, 0, 0, 0
188	689	OnActionUpdateCooldowns	0, 112, 0, 0, 0, 0, 0, 0, 0, 0, 0, 0, 0, 0, 0, 0
189	715	EVENT_WEAPON_PAIR_LOCK_CHANGED	131251	true
190	814	OnActionUpdateCooldowns	250, 250, 0, 0, 0, 0, 0, 0, 0, 0, 0, 0, 0, 0, 0, 0
191	816	EVENT_EFFECT_CHANGED	131151	1	15	Major Prophecy	player	494.13900756836	494.13900756836	0	/esoui/art/icons/ability_buff_major_prophecy.dds		1	0	0	Phrost Pendragon^Mx	34400	61689	1
192	817	EVENT_EFFECT_CHANGED	131151	1	11	Major Savagery	player	672.44000244141	672.44000244141	0	/esoui/art/icons/ability_buff_major_savagery.dds		1	0	0	Phrost Pendragon^Mx	34400	61667	1
193	1063	OnActionUpdateCooldowns	0, 0, 0, 0, 0, 0, 0, 0, 0, 0, 0, 0, 0, 0, 0, 0
194	1267	EVENT_WEAPON_PAIR_LOCK_CHANGED	131251	false
195	1310	OnActionUpdateCooldowns	0, 0, 0, 0, 0, 0, 0, 0, 0, 0, 0, 0, 0, 0, 0, 0
196	1918	Mouse Click	0, 0, 0, 0, 0, 0, 0, 0, 0, 0, 0, 0, 0, 0, 0, 0
197	2007	OnActionUpdateCooldowns	683, 0, 0, 0, 0, 0, 0, 0, 0, 0, 0, 0, 0, 0, 0, 0
198	2007	EVENT_ACTION_SLOT_ABILITY_USED	131185	1
199	112	OnActionUpdateCooldowns	572, 700, 0, 0, 0, 0, 0, 0, 0, 0, 0, 0, 0, 0, 0, 0
200	637	OnActionUpdateCooldowns	48, 176, 0, 0, 0, 0, 0, 0, 0, 0, 0, 0, 0, 0, 0, 0
201	693	EVENT_EFFECT_CHANGED	131151	1	54862	Berserker	player	674.33197021484	679.33197021484	0	/esoui/art/icons/ava_artifact_006.dds		1	5	0	Phrost Pendragon^Mx	34400	21230	1
202	698	OnActionUpdateCooldowns	0, 120, 0, 0, 0, 0, 0, 0, 0, 0, 0, 0, 0, 0, 0, 0
203	728	Press backquote	0, 84, 0, 0, 0, 0, 0, 0, 0, 0, 0, 0, 0, 0, 0, 0
204	773	EVENT_WEAPON_PAIR_LOCK_CHANGED	131251	true
205	816	OnActionUpdateCooldowns	0, 0, 0, 0, 0, 0, 0, 0, 0, 0, 0, 0, 0, 0, 0, 0
206	906	EVENT_EFFECT_CHANGED	131151	2	11	Major Savagery	player	0	0	0	/esoui/art/icons/ability_buff_major_savagery.dds		1	0	0	Phrost Pendragon^Mx	34400	61667	1
207	911	OnActionUpdateCooldowns	250, 250, 0, 0, 0, 0, 0, 0, 0, 0, 0, 0, 0, 0, 0, 0
208	1154	OnActionUpdateCooldowns	0, 0, 0, 0, 0, 0, 0, 0, 0, 0, 0, 0, 0, 0, 0, 0
209	1365	EVENT_WEAPON_PAIR_LOCK_CHANGED	131251	false
210	1407	OnActionUpdateCooldowns	0, 0, 0, 0, 0, 0, 0, 0, 0, 0, 0, 0, 0, 0, 0, 0
211	1913	Mouse Click	0, 0, 0, 0, 0, 0, 0, 0, 0, 0, 0, 0, 0, 0, 0, 0
212	1998	OnActionUpdateCooldowns	687, 0, 0, 0, 0, 0, 0, 0, 0, 0, 0, 0, 0, 0, 0, 0
213	1998	EVENT_ACTION_SLOT_ABILITY_USED	131185	1
214	95	OnActionUpdateCooldowns	591, 700, 0, 0, 0, 0, 0, 0, 0, 0, 0, 0, 0, 0, 0, 0
215	635	OnActionUpdateCooldowns	53, 162, 0, 0, 0, 0, 0, 0, 0, 0, 0, 0, 0, 0, 0, 0
216	695	OnActionUpdateCooldowns	0, 101, 0, 0, 0, 0, 0, 0, 0, 0, 0, 0, 0, 0, 0, 0
217	772	Press backquote	0, 22, 0, 0, 0, 0, 0, 0, 0, 0, 0, 0, 0, 0, 0, 0
218	796	OnActionUpdateCooldowns	0, 0, 0, 0, 0, 0, 0, 0, 0, 0, 0, 0, 0, 0, 0, 0
219	807	EVENT_WEAPON_PAIR_LOCK_CHANGED	131251	true
220	920	OnActionUpdateCooldowns	250, 250, 0, 0, 0, 0, 0, 0, 0, 0, 0, 0, 0, 0, 0, 0
221	922	EVENT_EFFECT_CHANGED	131151	1	15	Major Prophecy	player	494.13900756836	494.13900756836	0	/esoui/art/icons/ability_buff_major_prophecy.dds		1	0	0	Phrost Pendragon^Mx	34400	61689	1
222	923	EVENT_EFFECT_CHANGED	131151	1	11	Major Savagery	player	676.55297851563	676.55297851563	0	/esoui/art/icons/ability_buff_major_savagery.dds		1	0	0	Phrost Pendragon^Mx	34400	61667	1
223	1165	OnActionUpdateCooldowns	0, 0, 0, 0, 0, 0, 0, 0, 0, 0, 0, 0, 0, 0, 0, 0
224	1381	EVENT_WEAPON_PAIR_LOCK_CHANGED	131251	false
225	1412	OnActionUpdateCooldowns	0, 0, 0, 0, 0, 0, 0, 0, 0, 0, 0, 0, 0, 0, 0, 0
226	1633	OnActionUpdateCooldowns	0, 0, 0, 0, 0, 0, 0, 0, 0, 0, 0, 0, 0, 0, 0, 0
227	1915	Mouse Click	0, 0, 0, 0, 0, 0, 0, 0, 0, 0, 0, 0, 0, 0, 0, 0
228	1995	OnActionUpdateCooldowns	687, 0, 0, 0, 0, 0, 0, 0, 0, 0, 0, 0, 0, 0, 0, 0
229	1995	EVENT_ACTION_SLOT_ABILITY_USED	131185	1
230	116	OnActionUpdateCooldowns	572, 700, 0, 0, 0, 0, 0, 0, 0, 0, 0, 0, 0, 0, 0, 0
231	626	OnActionUpdateCooldowns	62, 190, 0, 0, 0, 0, 0, 0, 0, 0, 0, 0, 0, 0, 0, 0
232	641	OnActionUpdateCooldowns	47, 175, 0, 0, 0, 0, 0, 0, 0, 0, 0, 0, 0, 0, 0, 0
233	692	OnActionUpdateCooldowns	0, 123, 0, 0, 0, 0, 0, 0, 0, 0, 0, 0, 0, 0, 0, 0
234	825	Press backquote	0, 0, 0, 0, 0, 0, 0, 0, 0, 0, 0, 0, 0, 0, 0, 0
235	825	OnActionUpdateCooldowns	0, 0, 0, 0, 0, 0, 0, 0, 0, 0, 0, 0, 0, 0, 0, 0
236	865	EVENT_WEAPON_PAIR_LOCK_CHANGED	131251	true
237	962	EVENT_EFFECT_CHANGED	131151	2	11	Major Savagery	player	0	0	0	/esoui/art/icons/ability_buff_major_savagery.dds		1	0	0	Phrost Pendragon^Mx	34400	61667	1
238	967	OnActionUpdateCooldowns	250, 250, 0, 0, 0, 0, 0, 0, 0, 0, 0, 0, 0, 0, 0, 0
239	1209	OnActionUpdateCooldowns	0, 0, 0, 0, 0, 0, 0, 0, 0, 0, 0, 0, 0, 0, 0, 0
240	1420	EVENT_WEAPON_PAIR_LOCK_CHANGED	131251	false
241	1461	OnActionUpdateCooldowns	0, 0, 0, 0, 0, 0, 0, 0, 0, 0, 0, 0, 0, 0, 0, 0
242	1712	EVENT_EFFECT_CHANGED	131151	2	54862	Berserker	player	0	0	0	/esoui/art/icons/ava_artifact_006.dds		1	5	0	Phrost Pendragon^Mx	34400	21230	1
243	5632	OnActionUpdateCooldowns	0, 0, 0, 0, 0, 0, 0, 0, 0, 0, 0, 0, 0, 0, 0, 0
244	5705	OnActionUpdateCooldowns	0, 0, 0, 0, 0, 0, 0, 0, 0, 0, 0, 0, 0, 0, 0, 0
