35) Config File = PixelsToKeys.config
1) ConstantPixel = 0x010203
3) ConstantPixel=-16711165
0) ConstantLocX = 0
0) ConstantLocX=0
0) ConstantLocY = 6
1) ConstantLocY=6
5) begin thread call
1) end thread call
185) begin PixelsToKeys
47) end initComponents
0) end PixelsToKeys
paintComponent: 300 x 50
paintComponent: 300 x 50
62151) 	px0Hex:ff010203	px1Bin:000000000000000000000000000000000001000000000000000000000000000000000000000000000000000000000000000000000000000000000000000000000000000000000000 Press(65):VK_A	cycle:17
483) 	px0Hex:ff010203	px1Bin:000000000000000000000000000000000000000000000000000000000000000000000000000000000000000000000000000000000000000000000000000000000000000000000000 Release(65):VK_A	cycle:15
499) 	px0Hex:ff010203	px1Bin:000000000000000000000000000000000000001000000000000000000000000000000000000000000000000000000000000000000000000000000000000000000000000000000000 Press(68):VK_D	cycle:15
519) 	px0Hex:ff010203	px1Bin:000000000000000000000000000000000000000000000000000000000000000000000000000000000000000000000000000000000000000000000000000000000000000000000000 Release(68):VK_D	cycle:18
499) 	px0Hex:ff010203	px1Bin:000000000000000000000000000000000000000000000000000000000100000000000000000000000000000000000000000000000000000000000000000000000000000000000000 Press(87):VK_W	cycle:16
483) 	px0Hex:ff010203	px1Bin:000000000000000000000000000000000000000000000000000000000000000000000000000000000000000000000000000000000000000000000000000000000000000000000000 Release(87):VK_W	cycle:15
501) 	px0Hex:ff010203	px1Bin:000000000000000000000000000000000000000000000000000001000000000000000000000000000000000000000000000000000000000000000000000000000000000000000000 Press(83):VK_S	cycle:16
500) 	px0Hex:ff010203	px1Bin:000000000000000000000000000000000000000000000000000000000000000000000000000000000000000000000000000000000000000000000000000000000000000000000000 Release(83):VK_S	cycle:18
515) 	px0Hex:ff010203	px1Bin:000000000000000000000000000000000000000000000000000000000000000000000000000000000000000000000000000000000000000000000001000000000000000000000000 Press(8):VM_MOVE_LEFT	cycle:15
500) 	px0Hex:ff010203	px1Bin:000000000000000000000000000000000000000000000000000000000000000000000000000000000000000000000000000000000000000000000000000000000000000000000000 Release(8):VM_MOVE_LEFT	cycle:16
501) 	px0Hex:ff010203	px1Bin:000000000000000000000000000000000000000000000000000000000000000000000000000000000000000000000000000000000000000000000000100000000000000000000000 Press(9):VM_MOVE_RIGHT	cycle:17
500) 	px0Hex:ff010203	px1Bin:000000000000000000000000000000000000000000000000000000000000000000000000000000000000000000000000000000000000000000000000000000000000000000000000 Release(9):VM_MOVE_RIGHT	cycle:17
499) 	px0Hex:ff010203	px1Bin:000000000000000000000000000000000000000000000000000000000000000000000000000000000000000000000000000000000000000000000100000000000000000000000000 Press(6):VM_MOVE_UP	cycle:17
501) 	px0Hex:ff010203	px1Bin:000000000000000000000000000000000000000000000000000000000000000000000000000000000000000000000000000000000000000000000000000000000000000000000000 Release(6):VM_MOVE_UP	cycle:17
500) 	px0Hex:ff010203	px1Bin:000000000000000000000000000000000000000000000000000000000000000000000000000000000000000000000000000000000000000000000010000000000000000000000000 Press(7):VM_MOVE_DOWN	cycle:16
500) 	px0Hex:ff010203	px1Bin:000000000000000000000000000000000000000000000000000000000000000000000000000000000000000000000000000000000000000000000000000000000000000000000000 Release(7):VM_MOVE_DOWN	cycle:17
499) 	px0Hex:ff010203	px1Bin:000000000000000000000000000000000000000000000000000000000000000000000000000000000000000000000000000000000000000000100000000000000000000000000000 Press(3):VM_BTN_RIGHT	cycle:33
502) 	px0Hex:ff010203	px1Bin:000000000000000000000000000000000000000000000000000000000000000000000000000000000000000000000000000000000000000000000000000000000000000000000000 Release(3):VM_BTN_RIGHT	cycle:19
500) 	px0Hex:ff010203	px1Bin:000000000000000000000000000000000000000000000000000000000000000000000000000000000000000000000000000000000000000010000000000000000000000000000000 Press(1):VM_BTN_LEFT	cycle:19
49) 	px0Hex:ff010203	px1Bin:000000000000000000000000000000000000000000000000000000000000000000000000000000000000000000000000000000000000000000000000000000000000000000000000 Release(1):VM_BTN_LEFT	cycle:16
20932) 	px0Hex:ff010203	px1Bin:000000000000000000000000000000000000000000000000000000000000000000000000000000000000000000000000000000000000000010000000000000000000000000000000 Press(1):VM_BTN_LEFT	cycle:32
5086) 	px0Hex:ff010203	px1Bin:000000000000000000000000000000000000000000000000000000000000000000000000000000000000000000000000000000000000000000000000000000000000000000000000 Release(1):VM_BTN_LEFT	cycle:19
